c:\users\hasan\source\repos\hasanov_notebook\hasanov_notebook\x64\debug\vc143.pdb
c:\users\hasan\source\repos\hasanov_notebook\hasanov_notebook\x64\debug\.netframework,version=v4.8.assemblyattributes.obj
c:\users\hasan\source\repos\hasanov_notebook\hasanov_notebook\x64\debug\menu_form.obj
c:\users\hasan\source\repos\hasanov_notebook\hasanov_notebook\x64\debug\task.obj
c:\users\hasan\source\repos\hasanov_notebook\hasanov_notebook\x64\debug\note.obj
c:\users\hasan\source\repos\hasanov_notebook\hasanov_notebook\x64\debug\time.obj
c:\users\hasan\source\repos\hasanov_notebook\hasanov_notebook\x64\debug\meeting.obj
c:\users\hasan\source\repos\hasanov_notebook\hasanov_notebook\x64\debug\editing_form.obj
c:\users\hasan\source\repos\hasanov_notebook\hasanov_notebook\x64\debug\filemanager.obj
c:\users\hasan\source\repos\hasanov_notebook\hasanov_notebook\x64\debug\worker.obj
c:\users\hasan\source\repos\hasanov_notebook\hasanov_notebook\x64\debug\stat_form.obj
c:\users\hasan\source\repos\hasanov_notebook\x64\debug\hasanov_notebook.exe
c:\users\hasan\source\repos\hasanov_notebook\x64\debug\hasanov_notebook.pdb
c:\users\hasan\source\repos\hasanov_notebook\hasanov_notebook\x64\debug\date.obj
c:\users\hasan\source\repos\hasanov_notebook\hasanov_notebook\x64\debug\hasanov_notebook.tlog\cl.command.1.tlog
c:\users\hasan\source\repos\hasanov_notebook\hasanov_notebook\x64\debug\hasanov_notebook.tlog\cl.items.tlog
c:\users\hasan\source\repos\hasanov_notebook\hasanov_notebook\x64\debug\hasanov_notebook.tlog\cl.read.1.tlog
c:\users\hasan\source\repos\hasanov_notebook\hasanov_notebook\x64\debug\hasanov_notebook.tlog\cl.write.1.tlog
c:\users\hasan\source\repos\hasanov_notebook\hasanov_notebook\x64\debug\hasanov_notebook.tlog\link.command.1.tlog
c:\users\hasan\source\repos\hasanov_notebook\hasanov_notebook\x64\debug\hasanov_notebook.tlog\link.read.1.tlog
c:\users\hasan\source\repos\hasanov_notebook\hasanov_notebook\x64\debug\hasanov_notebook.tlog\link.secondary.1.tlog
c:\users\hasan\source\repos\hasanov_notebook\hasanov_notebook\x64\debug\hasanov_notebook.tlog\link.write.1.tlog
c:\users\hasan\source\repos\hasanov_notebook\hasanov_notebook\x64\debug\hasanov_notebook.tlog\metagen.read.1.tlog
c:\users\hasan\source\repos\hasanov_notebook\hasanov_notebook\x64\debug\hasanov_notebook.tlog\metagen.write.1.tlog
c:\users\hasan\source\repos\hasanov_notebook\hasanov_notebook\x64\debug\hasanov_notebook.tlog\resgen.command.1.tlog
c:\users\hasan\source\repos\hasanov_notebook\hasanov_notebook\x64\debug\hasanov_notebook.tlog\resgen.read.1.tlog
c:\users\hasan\source\repos\hasanov_notebook\hasanov_notebook\x64\debug\hasanov_notebook.tlog\resgen.write.1.tlog
